{
  "RSpec": {
    "coverage": {
      "/Users/kosumosu/hum/rails5/rspec-sample/app/models/comment.rb": [
        1,
        1,
        null
      ],
      "/Users/kosumosu/hum/rails5/rspec-sample/app/models/application_record.rb": [
        1,
        1,
        null
      ],
      "/Users/kosumosu/hum/rails5/rspec-sample/app/helpers/application_helper.rb": [
        1,
        null
      ],
      "/Users/kosumosu/hum/rails5/rspec-sample/app/models/article.rb": [
        1,
        1,
        1,
        null,
        null,
        1,
        4,
        null,
        null,
        null,
        1,
        0,
        0,
        null,
        null,
        null,
        1,
        3,
        3,
        null,
        null
      ],
      "/Users/kosumosu/hum/rails5/rspec-sample/app/mailers/application_mailer.rb": [
        0,
        0,
        0,
        0
      ],
      "/Users/kosumosu/hum/rails5/rspec-sample/app/jobs/application_job.rb": [
        0,
        0
      ],
      "/Users/kosumosu/hum/rails5/rspec-sample/app/controllers/application_controller.rb": [
        0,
        0
      ],
      "/Users/kosumosu/hum/rails5/rspec-sample/app/channels/application_cable/connection.rb": [
        0,
        0,
        0,
        0
      ],
      "/Users/kosumosu/hum/rails5/rspec-sample/app/channels/application_cable/channel.rb": [
        0,
        0,
        0,
        0
      ]
    },
    "timestamp": 1531309874
  }
}
